Arguments: 
  C:\Program Files\nodejs\node.exe C:\Program Files\nodejs\node_modules\yarn\bin\yarn.js add react-slick

PATH: 
  C:\Users\HP\bin;C:\Program Files\Git\mingw64\bin;C:\Program Files\Git\usr\local\bin;C:\Program Files\Git\usr\bin;C:\Program Files\Git\usr\bin;C:\Program Files\Git\mingw64\bin;C:\Program Files\Git\usr\bin;C:\Users\HP\bin;C:\Program Files\Microsoft\jdk-11.0.12.7-hotspot\bin;C:\WINDOWS\system32;C:\WINDOWS;C:\WINDOWS\System32\Wbem;C:\WINDOWS\System32\WindowsPowerShell\v1.0;C:\WINDOWS\System32\OpenSSH;C:\Program Files\Microsoft SQL Server\150\Tools\Binn;C:\Program Files\Microsoft SQL Server\Client SDK\ODBC\170\Tools\Binn;C:\Program Files\dotnet;C:\Users\HP\AppData\Roaming\nvm;C:\Program Files\nodejs;C:\Program Files\Git\cmd;C:\Program Files\PuTTY;C:\Users\HP\AppData\Local\Microsoft\WindowsApps;C:\Users\HP\AppData\Local\Programs\Microsoft VS Code\bin;C:\Users\HP\AppData\Roaming\npm;C:\Users\HP\.dotnet\tools;C:\Users\HP\AppData\Roaming\nvm;C:\Program Files\nodejs;C:\Program Files\Git\usr\bin\vendor_perl;C:\Program Files\Git\usr\bin\core_perl

Yarn version: 
  1.22.19

Node version: 
  18.16.1

Platform: 
  win32 x64

Trace: 
  Error: https://registry.yarnpkg.com/date-fns/-/date-fns-2.30.0.tgz: ESOCKETTIMEDOUT
      at ClientRequest.<anonymous> (C:\Users\HP\AppData\Roaming\nvm\v18.16.1\node_modules\yarn\lib\cli.js:141517:19)
      at Object.onceWrapper (node:events:627:28)
      at ClientRequest.emit (node:events:513:28)
      at TLSSocket.emitRequestTimeout (node:_http_client:848:9)
      at Object.onceWrapper (node:events:627:28)
      at TLSSocket.emit (node:events:525:35)
      at Socket._onTimeout (node:net:570:8)
      at listOnTimeout (node:internal/timers:569:17)
      at process.processTimers (node:internal/timers:512:7)

npm manifest: 
  {
    "name": "freedanz",
    "version": "0.2.0",
    "private": true,
    "homepage": "https://freedanzz.github.io/",
    "dependencies": {
      "@emotion/react": "^11.10.6",
      "@emotion/styled": "^11.10.6",
      "@mui/icons-material": "^5.11.16",
      "@mui/lab": "^5.0.0-alpha.136",
      "@mui/material": "^5.12.0",
      "@mui/x-date-pickers": "^6.1.0",
      "@mui/x-date-pickers-pro": "^6.1.0",
      "@testing-library/jest-dom": "^5.16.5",
      "@testing-library/react": "^13.4.0",
      "@testing-library/user-event": "^13.5.0",
      "animejs": "^3.2.1",
      "bcryptjs": "^2.4.3",
      "date-fns": "^2.0.0",
      "dayjs": "^1.11.7",
      "firebase": "^10.0.0",
      "gh-pages": "^5.0.0",
      "js-cookie": "^3.0.5",
      "moment": "^2.29.4",
      "node-sass": "^7.0.3",
      "react": "^18.2.0",
      "react-burger-menu": "^3.0.9",
      "react-confetti": "^6.1.0",
      "react-dom": "^18.2.0",
      "react-helmet": "^6.1.0",
      "react-hot-toast": "^2.4.1",
      "react-moment": "^1.1.3",
      "react-qr-code": "^2.0.11",
      "react-qrcode-logo": "^2.8.0",
      "react-router-dom": "^6.4.3",
      "react-scripts": "5.0.1",
      "use-google-sheets": "^2.0.0",
      "web-vitals": "^2.1.4",
      "workbox-core": "^7.0.0",
      "workbox-expiration": "^7.0.0",
      "workbox-precaching": "^7.0.0",
      "workbox-routing": "^7.0.0",
      "workbox-strategies": "^7.0.0"
    },
    "scripts": {
      "predeploy": "npm run build",
      "deploy": "gh-pages -d build",
      "start": "react-scripts start",
      "build": "react-scripts build",
      "test": "react-scripts test",
      "eject": "react-scripts eject"
    },
    "eslintConfig": {
      "extends": [
        "react-app",
        "react-app/jest"
      ]
    },
    "babel": {
      "presets": [
        "@babel/react",
        "@babel/env"
      ],
      "plugins": [
        "@babel/proposal-class-properties",
        "@babel/plugin-transform-runtime"
      ]
    },
    "browserslist": {
      "production": [
        ">0.2%",
        "not dead",
        "not op_mini all"
      ],
      "development": [
        "last 1 chrome version",
        "last 1 firefox version",
        "last 1 safari version"
      ]
    },
    "devDependencies": {
      "sass": "^1.62.0",
      "workbox-webpack-plugin": "^7.0.0"
    }
  }

yarn manifest: 
  No manifest

Lockfile: 
  No lockfile
